{"/home/ewa/inco/calculator-project07/src/calculate.js": {"path":"/home/ewa/inco/calculator-project07/src/calculate.js","statementMap":{"0":{"start":{"line":1,"column":18},"end":{"line":47,"column":1}},"1":{"start":{"line":2,"column":19},"end":{"line":2,"column":42}},"2":{"start":{"line":3,"column":13},"end":{"line":3,"column":17}},"3":{"start":{"line":4,"column":13},"end":{"line":4,"column":17}},"4":{"start":{"line":5,"column":20},"end":{"line":5,"column":24}},"5":{"start":{"line":7,"column":4},"end":{"line":46,"column":5}},"6":{"start":{"line":8,"column":25},"end":{"line":8,"column":38}},"7":{"start":{"line":10,"column":8},"end":{"line":16,"column":9}},"8":{"start":{"line":11,"column":12},"end":{"line":15,"column":13}},"9":{"start":{"line":12,"column":16},"end":{"line":12,"column":35}},"10":{"start":{"line":13,"column":19},"end":{"line":15,"column":13}},"11":{"start":{"line":14,"column":16},"end":{"line":14,"column":35}},"12":{"start":{"line":19,"column":28},"end":{"line":19,"column":68}},"13":{"start":{"line":21,"column":8},"end":{"line":25,"column":9}},"14":{"start":{"line":22,"column":12},"end":{"line":24,"column":13}},"15":{"start":{"line":23,"column":16},"end":{"line":23,"column":34}},"16":{"start":{"line":28,"column":8},"end":{"line":45,"column":9}},"17":{"start":{"line":30,"column":12},"end":{"line":44,"column":13}},"18":{"start":{"line":31,"column":16},"end":{"line":31,"column":30}},"19":{"start":{"line":32,"column":19},"end":{"line":44,"column":13}},"20":{"start":{"line":33,"column":16},"end":{"line":33,"column":30}},"21":{"start":{"line":34,"column":19},"end":{"line":44,"column":13}},"22":{"start":{"line":35,"column":16},"end":{"line":35,"column":30}},"23":{"start":{"line":36,"column":19},"end":{"line":44,"column":13}},"24":{"start":{"line":37,"column":16},"end":{"line":37,"column":36}},"25":{"start":{"line":38,"column":19},"end":{"line":44,"column":13}},"26":{"start":{"line":39,"column":16},"end":{"line":39,"column":30}},"27":{"start":{"line":43,"column":16},"end":{"line":43,"column":52}},"28":{"start":{"line":89,"column":0},"end":{"line":89,"column":27}}},"fnMap":{"0":{"name":"(anonymous_0)","decl":{"start":{"line":1,"column":18},"end":{"line":1,"column":19}},"loc":{"start":{"line":1,"column":36},"end":{"line":47,"column":1}},"line":1}},"branchMap":{"0":{"loc":{"start":{"line":10,"column":8},"end":{"line":16,"column":9}},"type":"if","locations":[{"start":{"line":10,"column":8},"end":{"line":16,"column":9}},{"start":{"line":10,"column":8},"end":{"line":16,"column":9}}],"line":10},"1":{"loc":{"start":{"line":11,"column":12},"end":{"line":15,"column":13}},"type":"if","locations":[{"start":{"line":11,"column":12},"end":{"line":15,"column":13}},{"start":{"line":11,"column":12},"end":{"line":15,"column":13}}],"line":11},"2":{"loc":{"start":{"line":13,"column":19},"end":{"line":15,"column":13}},"type":"if","locations":[{"start":{"line":13,"column":19},"end":{"line":15,"column":13}},{"start":{"line":13,"column":19},"end":{"line":15,"column":13}}],"line":13},"3":{"loc":{"start":{"line":21,"column":8},"end":{"line":25,"column":9}},"type":"if","locations":[{"start":{"line":21,"column":8},"end":{"line":25,"column":9}},{"start":{"line":21,"column":8},"end":{"line":25,"column":9}}],"line":21},"4":{"loc":{"start":{"line":22,"column":12},"end":{"line":24,"column":13}},"type":"if","locations":[{"start":{"line":22,"column":12},"end":{"line":24,"column":13}},{"start":{"line":22,"column":12},"end":{"line":24,"column":13}}],"line":22},"5":{"loc":{"start":{"line":28,"column":8},"end":{"line":45,"column":9}},"type":"if","locations":[{"start":{"line":28,"column":8},"end":{"line":45,"column":9}},{"start":{"line":28,"column":8},"end":{"line":45,"column":9}}],"line":28},"6":{"loc":{"start":{"line":28,"column":12},"end":{"line":28,"column":38}},"type":"binary-expr","locations":[{"start":{"line":28,"column":12},"end":{"line":28,"column":23}},{"start":{"line":28,"column":27},"end":{"line":28,"column":38}}],"line":28},"7":{"loc":{"start":{"line":30,"column":12},"end":{"line":44,"column":13}},"type":"if","locations":[{"start":{"line":30,"column":12},"end":{"line":44,"column":13}},{"start":{"line":30,"column":12},"end":{"line":44,"column":13}}],"line":30},"8":{"loc":{"start":{"line":32,"column":19},"end":{"line":44,"column":13}},"type":"if","locations":[{"start":{"line":32,"column":19},"end":{"line":44,"column":13}},{"start":{"line":32,"column":19},"end":{"line":44,"column":13}}],"line":32},"9":{"loc":{"start":{"line":34,"column":19},"end":{"line":44,"column":13}},"type":"if","locations":[{"start":{"line":34,"column":19},"end":{"line":44,"column":13}},{"start":{"line":34,"column":19},"end":{"line":44,"column":13}}],"line":34},"10":{"loc":{"start":{"line":36,"column":19},"end":{"line":44,"column":13}},"type":"if","locations":[{"start":{"line":36,"column":19},"end":{"line":44,"column":13}},{"start":{"line":36,"column":19},"end":{"line":44,"column":13}}],"line":36},"11":{"loc":{"start":{"line":36,"column":23},"end":{"line":36,"column":52}},"type":"binary-expr","locations":[{"start":{"line":36,"column":23},"end":{"line":36,"column":40}},{"start":{"line":36,"column":44},"end":{"line":36,"column":52}}],"line":36},"12":{"loc":{"start":{"line":38,"column":19},"end":{"line":44,"column":13}},"type":"if","locations":[{"start":{"line":38,"column":19},"end":{"line":44,"column":13}},{"start":{"line":38,"column":19},"end":{"line":44,"column":13}}],"line":38}},"s":{"0":1,"1":5,"2":5,"3":5,"4":5,"5":5,"6":15,"7":15,"8":10,"9":5,"10":5,"11":5,"12":15,"13":15,"14":4,"15":4,"16":15,"17":5,"18":1,"19":4,"20":1,"21":3,"22":1,"23":2,"24":0,"25":2,"26":1,"27":1,"28":1},"f":{"0":5},"b":{"0":[10,5],"1":[5,5],"2":[5,0],"3":[4,11],"4":[4,0],"5":[5,10],"6":[15,15],"7":[1,4],"8":[1,3],"9":[1,2],"10":[0,2],"11":[2,1],"12":[1,1]},"_coverageSchema":"1a1c01bbd47fc00a2c39e90264f33305004495a9","hash":"9ba22a697a9883c0236ceb2858c936b9f0051826"}
}
