TN:
SF:src/calculate.js
FN:1,(anonymous_0)
FNF:1
FNH:1
FNDA:5,(anonymous_0)
DA:1,1
DA:2,5
DA:3,5
DA:4,5
DA:5,5
DA:7,5
DA:8,15
DA:10,15
DA:11,10
DA:12,5
DA:13,5
DA:14,5
DA:19,15
DA:21,15
DA:22,4
DA:23,4
DA:28,15
DA:30,5
DA:31,1
DA:32,4
DA:33,1
DA:34,3
DA:35,1
DA:36,2
DA:37,0
DA:38,2
DA:39,1
DA:43,1
DA:89,1
LF:29
LH:28
BRDA:10,0,0,10
BRDA:10,0,1,5
BRDA:11,1,0,5
BRDA:11,1,1,5
BRDA:13,2,0,5
BRDA:13,2,1,0
BRDA:21,3,0,4
BRDA:21,3,1,11
BRDA:22,4,0,4
BRDA:22,4,1,0
BRDA:28,5,0,5
BRDA:28,5,1,10
BRDA:28,6,0,15
BRDA:28,6,1,15
BRDA:30,7,0,1
BRDA:30,7,1,4
BRDA:32,8,0,1
BRDA:32,8,1,3
BRDA:34,9,0,1
BRDA:34,9,1,2
BRDA:36,10,0,0
BRDA:36,10,1,2
BRDA:36,11,0,2
BRDA:36,11,1,1
BRDA:38,12,0,1
BRDA:38,12,1,1
BRF:26
BRH:23
end_of_record
